TN:
SF:/home/ggomes/Documents/vigilant-parakeet/common/src/channel_parameters.rs
FN:14,<impl From for ChannelParameters>::from
FNF:1
FNDA:1,<impl From for ChannelParameters>::from
DA:14,1
DA:15,2
DA:16,2
DA:17,1
DA:19,2
DA:20,2
DA:21,1
DA:25,1
LF:8
LH:8
end_of_record
TN:
SF:/home/ggomes/Documents/vigilant-parakeet/common/src/device.rs
FN:65,<impl AsyncRead for Device>::poll_read
FN:97,stats_tests::set_nonblocking
FNF:2
FNDA:1,<impl AsyncRead for Device>::poll_read
FNDA:1,stats_tests::set_nonblocking
DA:65,1
DA:70,1
DA:72,1
DA:74,3
DA:75,1
DA:76,1
DA:77,1
DA:79,0
DA:97,1
DA:99,1
DA:100,1
DA:101,1
DA:188,0
DA:193,0
DA:195,0
DA:197,0
DA:198,0
DA:204,0
DA:209,0
DA:211,0
DA:213,0
DA:214,0
DA:220,1
DA:224,1
DA:228,1
DA:230,1
DA:232,3
DA:233,1
DA:239,0
DA:243,0
DA:250,6
DA:260,9
DA:270,11
DA:271,1
DA:276,1
DA:277,1
DA:282,2
DA:283,2
DA:286,1
DA:287,1
DA:290,1
DA:291,1
DA:292,1
DA:293,1
DA:295,1
DA:300,1
DA:301,1
DA:302,1
DA:303,0
DA:305,1
DA:308,1
DA:309,1
DA:310,3
DA:311,0
DA:313,3
DA:316,1
DA:317,1
DA:319,1
DA:320,1
DA:321,1
DA:324,2
DA:325,1
DA:326,0
DA:328,1
DA:333,2
DA:338,3
DA:343,1
DA:344,1
DA:349,0
DA:353,0
DA:356,0
DA:358,0
DA:361,0
DA:362,0
DA:363,0
DA:364,0
DA:365,0
DA:366,0
DA:370,0
DA:374,0
DA:375,0
DA:376,0
DA:378,0
DA:380,0
DA:384,5
DA:385,1
DA:386,8
DA:387,5
DA:388,2
DA:390,3
DA:391,3
DA:392,4
DA:393,4
DA:395,2
DA:402,4
DA:403,1
DA:404,5
DA:405,3
DA:406,1
DA:408,2
DA:409,2
DA:410,3
DA:411,4
DA:413,1
DA:420,4
DA:421,1
DA:422,1
DA:423,2
DA:424,5
DA:425,0
DA:427,2
DA:428,1
DA:434,2
DA:435,2
DA:436,2
DA:438,1
DA:441,4
DA:442,1
DA:443,5
DA:444,3
DA:445,1
DA:447,2
DA:448,2
DA:449,2
DA:450,2
DA:452,1
DA:460,1
DA:461,2
LF:128
LH:95
end_of_record
TN:
SF:/home/ggomes/Documents/vigilant-parakeet/common/src/tun.rs
FN:93,Tun::new
FN:102,Tun::stats
FN:106,Tun::send_vectored
FN:117,Tun::recv
FN:128,Tun::send_all
FN:139,Tun::name
FNF:6
FNDA:3,Tun::new
FNDA:1,Tun::stats
FNDA:5,Tun::send_vectored
FNDA:4,Tun::recv
FNDA:4,Tun::send_all
FNDA:1,Tun::name
DA:93,3
DA:97,8
DA:102,1
DA:103,2
DA:106,5
DA:107,4
DA:110,2
DA:111,4
DA:112,4
DA:114,2
DA:117,4
DA:118,3
DA:121,1
DA:122,2
DA:123,2
DA:125,2
DA:128,4
DA:129,2
DA:132,1
DA:133,2
DA:134,2
DA:136,1
DA:139,1
DA:140,1
LF:24
LH:24
end_of_record
TN:
SF:/home/ggomes/Documents/vigilant-parakeet/node/src/main.rs
FN:8,main
FNF:1
FNDA:0,main
DA:8,0
DA:9,0
DA:10,0
DA:11,0
DA:14,0
DA:15,0
DA:16,0
DA:17,0
LF:8
LH:0
end_of_record
TN:
SF:/home/ggomes/Documents/vigilant-parakeet/node_lib/src/control/client_cache.rs
FN:11,ClientCache::store_mac
FN:26,ClientCache::get
FNF:2
FNDA:1,ClientCache::store_mac
FNDA:1,ClientCache::get
DA:11,1
DA:12,1
DA:13,2
DA:14,2
DA:20,2
DA:21,4
DA:22,4
DA:23,2
DA:26,1
DA:27,1
DA:28,4
LF:11
LH:11
end_of_record
TN:
SF:/home/ggomes/Documents/vigilant-parakeet/node_lib/src/control/node.rs
FN:25,get_msgs
FN:47,handle_messages
FN:78,buffer
FN:83,wire_traffic
FN:95,tap_traffic
FNF:5
FNDA:2,get_msgs
FNDA:0,handle_messages
FNDA:0,buffer
FNDA:0,wire_traffic
FNDA:0,tap_traffic
DA:25,2
DA:26,4
DA:27,2
DA:28,1
DA:30,2
DA:31,0
DA:32,1
DA:33,3
DA:34,2
DA:35,1
DA:37,0
DA:42,1
DA:43,0
DA:47,0
DA:52,0
DA:54,0
DA:55,0
DA:56,0
DA:57,0
DA:58,0
DA:59,0
DA:60,0
DA:61,0
DA:63,0
DA:64,0
DA:65,0
DA:66,0
DA:67,0
DA:68,0
DA:74,0
DA:75,0
DA:78,0
DA:79,0
DA:80,0
DA:83,0
DA:90,0
DA:91,0
DA:92,0
DA:95,0
DA:102,0
DA:103,0
DA:104,0
LF:42
LH:10
end_of_record
TN:
SF:/home/ggomes/Documents/vigilant-parakeet/node_lib/src/control/obu/mod.rs
FN:34,Obu::new
FN:50,Obu::wire_traffic_task
FN:75,Obu::session_task
FN:115,Obu::handle_msg
FNF:4
FNDA:0,Obu::new
FNDA:0,Obu::wire_traffic_task
FNDA:0,Obu::session_task
FNDA:0,Obu::handle_msg
DA:34,0
DA:35,0
DA:36,0
DA:37,0
DA:38,0
DA:39,0
DA:40,0
DA:41,0
DA:44,0
DA:45,0
DA:46,0
DA:47,0
DA:50,0
DA:51,0
DA:52,0
DA:53,0
DA:54,0
DA:55,0
DA:56,0
DA:57,0
DA:58,0
DA:59,0
DA:62,0
DA:63,0
DA:64,0
DA:66,0
DA:67,0
DA:68,0
DA:72,0
DA:75,0
DA:76,0
DA:77,0
DA:78,0
DA:79,0
DA:80,0
DA:81,0
DA:82,0
DA:83,0
DA:84,0
DA:85,0
DA:86,0
DA:87,0
DA:88,0
DA:91,0
DA:92,0
DA:93,0
DA:94,0
DA:95,0
DA:96,0
DA:102,0
DA:103,0
DA:105,0
DA:107,0
DA:108,0
DA:112,0
DA:115,0
DA:116,0
DA:117,0
DA:118,0
DA:119,0
DA:120,0
DA:123,0
DA:124,0
DA:125,0
DA:126,0
DA:127,0
DA:132,0
DA:133,0
DA:136,0
DA:138,0
DA:139,0
DA:140,0
DA:144,0
DA:145,0
DA:146,0
DA:147,0
DA:150,0
DA:151,0
DA:152,0
DA:153,0
DA:154,0
DA:160,0
DA:164,0
DA:165,0
DA:169,0
LF:85
LH:0
end_of_record
TN:
SF:/home/ggomes/Documents/vigilant-parakeet/node_lib/src/control/obu/routing.rs
FN:141,Routing::new
FN:153,Routing::handle_heartbeat
FN:300,Routing::handle_heartbeat_reply
FN:430,Routing::get_route_to
FNF:4
FNDA:2,Routing::new
FNDA:2,Routing::handle_heartbeat
FNDA:1,Routing::handle_heartbeat_reply
FNDA:2,Routing::get_route_to
DA:141,2
DA:142,2
DA:143,0
DA:145,2
DA:146,2
DA:147,2
DA:148,2
DA:149,4
DA:153,2
DA:158,4
DA:159,0
DA:162,2
DA:163,2
DA:164,6
DA:166,2
DA:167,2
DA:168,2
DA:171,2
DA:172,0
DA:175,2
DA:176,0
DA:179,2
DA:180,0
DA:188,2
DA:189,1
DA:190,2
DA:193,2
DA:194,2
DA:195,2
DA:196,1
DA:200,5
DA:202,2
DA:203,2
DA:204,1
DA:207,2
DA:208,0
DA:211,2
DA:212,0
DA:215,2
DA:216,2
DA:219,2
DA:221,2
DA:222,2
DA:226,2
DA:227,2
DA:228,0
DA:237,0
DA:238,0
DA:239,0
DA:251,2
DA:252,2
DA:253,2
DA:254,2
DA:263,0
DA:264,0
DA:265,0
DA:278,6
DA:279,2
DA:280,2
DA:282,4
DA:283,2
DA:287,2
DA:288,2
DA:290,4
DA:291,4
DA:300,1
DA:305,2
DA:306,0
DA:309,1
DA:310,1
DA:311,1
DA:312,0
DA:315,2
DA:318,0
DA:321,1
DA:322,0
DA:325,1
DA:326,1
DA:327,1
DA:328,0
DA:329,0
DA:331,0
DA:332,0
DA:333,0
DA:334,0
DA:337,1
DA:338,2
DA:339,1
DA:340,1
DA:341,1
DA:346,1
DA:347,0
DA:348,0
DA:350,0
DA:352,0
DA:353,0
DA:356,1
DA:357,2
DA:359,2
DA:360,1
DA:365,1
DA:366,3
DA:367,1
DA:369,1
DA:370,2
DA:375,1
DA:376,0
DA:377,0
DA:386,0
DA:387,0
DA:388,0
DA:400,2
DA:401,1
DA:402,0
DA:403,0
DA:412,0
DA:413,0
DA:414,0
DA:427,1
DA:430,2
DA:431,2
DA:432,0
DA:434,0
DA:435,0
DA:438,2
DA:441,4
DA:442,2
DA:443,4
DA:445,4
DA:447,4
DA:449,2
DA:450,4
DA:451,4
DA:453,4
DA:455,2
DA:456,2
DA:457,2
DA:458,2
DA:463,2
DA:464,2
DA:465,2
DA:466,4
DA:467,2
DA:468,2
DA:470,2
DA:474,4
DA:477,2
DA:478,3
DA:479,1
DA:484,6
DA:487,2
DA:488,1
DA:489,1
DA:491,0
DA:492,0
DA:494,2
DA:495,0
DA:496,0
DA:497,0
DA:498,0
DA:499,0
DA:500,0
DA:502,0
DA:504,0
DA:505,0
DA:506,0
DA:508,0
DA:512,4
DA:514,0
DA:516,0
DA:517,0
DA:518,0
DA:519,0
DA:520,0
DA:521,0
DA:522,0
DA:523,0
DA:524,0
DA:525,0
DA:527,0
DA:528,0
DA:531,0
DA:532,0
DA:535,0
DA:536,0
DA:538,0
DA:542,0
DA:543,0
DA:547,0
DA:549,0
DA:550,0
DA:551,0
DA:552,0
LF:193
LH:113
end_of_record
TN:
SF:/home/ggomes/Documents/vigilant-parakeet/node_lib/src/control/obu/session.rs
FN:22,Session::new
FN:26,Session::process
FNF:2
FNDA:0,Session::new
FNDA:0,Session::process
DA:22,0
DA:23,0
DA:26,0
DA:33,0
DA:34,0
DA:36,0
DA:37,0
DA:38,0
DA:40,0
LF:9
LH:0
end_of_record
TN:
SF:/home/ggomes/Documents/vigilant-parakeet/node_lib/src/control/route.rs
FN:16,<impl Display for Route>::fmt
FNF:1
FNDA:0,<impl Display for Route>::fmt
DA:16,0
DA:17,0
LF:2
LH:0
end_of_record
TN:
SF:/home/ggomes/Documents/vigilant-parakeet/node_lib/src/control/rsu/mod.rs
FN:35,Rsu::new
FN:51,Rsu::wire_traffic_task
FN:77,Rsu::handle_msg
FN:170,Rsu::hello_task
FN:198,Rsu::process_tap_traffic
FNF:5
FNDA:0,Rsu::new
FNDA:0,Rsu::wire_traffic_task
FNDA:0,Rsu::handle_msg
FNDA:0,Rsu::hello_task
FNDA:0,Rsu::process_tap_traffic
DA:35,0
DA:36,0
DA:37,0
DA:38,0
DA:39,0
DA:40,0
DA:41,0
DA:44,0
DA:45,0
DA:46,0
DA:47,0
DA:48,0
DA:51,0
DA:52,0
DA:53,0
DA:55,0
DA:56,0
DA:57,0
DA:58,0
DA:59,0
DA:60,0
DA:61,0
DA:64,0
DA:65,0
DA:66,0
DA:68,0
DA:69,0
DA:70,0
DA:74,0
DA:77,0
DA:78,0
DA:79,0
DA:80,0
DA:83,0
DA:85,0
DA:86,0
DA:89,0
DA:91,0
DA:92,0
DA:95,0
DA:97,0
DA:98,0
DA:99,0
DA:100,0
DA:101,0
DA:102,0
DA:103,0
DA:104,0
DA:107,0
DA:108,0
DA:109,0
DA:111,0
DA:112,0
DA:113,0
DA:114,0
DA:116,0
DA:117,0
DA:118,0
DA:119,0
DA:121,0
DA:122,0
DA:124,0
DA:131,0
DA:132,0
DA:133,0
DA:136,0
DA:137,0
DA:138,0
DA:139,0
DA:140,0
DA:141,0
DA:143,0
DA:149,0
DA:152,0
DA:154,0
DA:155,0
DA:156,0
DA:159,0
DA:161,0
DA:165,0
DA:170,0
DA:171,0
DA:172,0
DA:175,0
DA:176,0
DA:177,0
DA:179,0
DA:180,0
DA:182,0
DA:183,0
DA:184,0
DA:185,0
DA:187,0
DA:188,0
DA:189,0
DA:190,0
DA:191,0
DA:192,0
DA:195,0
DA:198,0
DA:199,0
DA:200,0
DA:201,0
DA:202,0
DA:203,0
DA:204,0
DA:205,0
DA:206,0
DA:207,0
DA:208,0
DA:209,0
DA:210,0
DA:211,0
DA:212,0
DA:213,0
DA:214,0
DA:215,0
DA:216,0
DA:217,0
DA:218,0
DA:219,0
DA:220,0
DA:223,0
DA:224,0
DA:225,0
DA:226,0
DA:227,0
DA:236,0
DA:238,0
DA:239,0
DA:240,0
DA:241,0
DA:243,0
DA:244,0
DA:245,0
DA:246,0
DA:247,0
DA:249,0
DA:250,0
DA:251,0
DA:252,0
DA:255,0
DA:259,0
DA:260,0
DA:262,0
DA:264,0
DA:265,0
DA:269,0
LF:148
LH:0
end_of_record
TN:
SF:/home/ggomes/Documents/vigilant-parakeet/node_lib/src/control/rsu/routing.rs
FN:36,Routing::new
FN:47,Routing::send_heartbeat
FN:77,Routing::handle_heartbeat_reply
FN:144,Routing::get_route_to
FN:212,Routing::iter_next_hops
FNF:5
FNDA:2,Routing::new
FNDA:2,Routing::send_heartbeat
FNDA:1,Routing::handle_heartbeat_reply
FNDA:1,Routing::get_route_to
FNDA:0,Routing::iter_next_hops
DA:36,2
DA:37,2
DA:38,0
DA:40,2
DA:42,2
DA:43,2
DA:47,2
DA:49,2
DA:50,2
DA:54,4
DA:55,0
DA:58,4
DA:59,0
DA:62,2
DA:64,6
DA:66,2
DA:70,4
DA:71,2
DA:77,1
DA:82,2
DA:83,0
DA:86,1
DA:87,1
DA:88,0
DA:89,0
DA:92,1
DA:93,1
DA:94,0
DA:95,0
DA:97,0
DA:98,0
DA:99,0
DA:103,1
DA:104,2
DA:105,1
DA:106,1
DA:112,1
DA:113,2
DA:114,0
DA:117,1
DA:118,1
DA:119,1
DA:127,0
DA:128,0
DA:129,0
DA:141,1
DA:144,1
DA:145,1
DA:146,2
DA:150,2
DA:151,1
DA:152,3
DA:154,2
DA:155,4
DA:157,1
DA:158,2
DA:159,3
DA:160,0
DA:161,0
DA:162,0
DA:163,0
DA:165,1
DA:166,1
DA:170,2
DA:172,1
DA:174,2
DA:175,2
DA:176,2
DA:177,1
DA:178,2
DA:179,2
DA:180,1
DA:181,1
DA:182,1
DA:184,2
DA:185,1
DA:188,2
DA:189,1
DA:192,1
DA:193,1
DA:194,1
DA:198,2
DA:199,1
DA:203,2
DA:205,3
DA:206,1
DA:207,1
DA:208,1
DA:212,0
DA:213,0
LF:90
LH:69
end_of_record
TN:
SF:/home/ggomes/Documents/vigilant-parakeet/node_lib/src/lib.rs
FN:19,create_with_vdev
FN:30,create
FNF:2
FNDA:0,create_with_vdev
FNDA:0,create
DA:19,0
DA:24,0
DA:25,0
DA:26,0
DA:30,0
DA:31,0
DA:32,0
DA:33,0
DA:35,0
DA:36,0
DA:37,0
DA:38,0
DA:43,0
DA:44,0
DA:45,0
DA:48,0
DA:54,0
DA:55,0
LF:18
LH:0
end_of_record
TN:
SF:/home/ggomes/Documents/vigilant-parakeet/node_lib/src/messages/control/heartbeat.rs
FN:14,Heartbeat<'a>::new
FN:23,Heartbeat<'a>::duration
FN:34,Heartbeat<'a>::id
FN:38,Heartbeat<'a>::hops
FN:42,Heartbeat<'a>::source
FN:54,<impl TryFrom for Heartbeat<'a>>::try_from
FN:103,HeartbeatReply<'a>::from_sender
FN:113,HeartbeatReply<'a>::duration
FN:124,HeartbeatReply<'a>::id
FN:128,HeartbeatReply<'a>::hops
FN:132,HeartbeatReply<'a>::source
FN:140,HeartbeatReply<'a>::sender
FN:152,<impl TryFrom for HeartbeatReply<'a>>::try_from
FN:179,<impl From for Vec<Vec<u8>>>::from
FNF:14
FNDA:2,Heartbeat<'a>::new
FNDA:2,Heartbeat<'a>::duration
FNDA:2,Heartbeat<'a>::id
FNDA:1,Heartbeat<'a>::hops
FNDA:2,Heartbeat<'a>::source
FNDA:1,<impl TryFrom for Heartbeat<'a>>::try_from
FNDA:1,HeartbeatReply<'a>::from_sender
FNDA:1,HeartbeatReply<'a>::duration
FNDA:1,HeartbeatReply<'a>::id
FNDA:1,HeartbeatReply<'a>::hops
FNDA:1,HeartbeatReply<'a>::source
FNDA:1,HeartbeatReply<'a>::sender
FNDA:1,<impl TryFrom for HeartbeatReply<'a>>::try_from
FNDA:1,<impl From for Vec<Vec<u8>>>::from
DA:14,2
DA:16,2
DA:17,4
DA:18,2
DA:19,3
DA:23,2
DA:25,2
DA:26,2
DA:27,0
DA:28,0
DA:30,0
DA:34,2
DA:35,2
DA:38,1
DA:39,1
DA:42,2
DA:44,2
DA:45,0
DA:46,0
DA:54,1
DA:55,2
DA:56,1
DA:57,1
DA:58,1
DA:59,1
DA:60,0
DA:61,1
DA:63,1
DA:64,1
DA:65,1
DA:66,1
DA:68,1
DA:69,0
DA:70,0
DA:71,0
DA:72,0
DA:78,1
DA:79,1
DA:80,0
DA:82,1
DA:83,2
DA:84,3
DA:85,2
DA:86,2
DA:87,2
DA:88,4
DA:103,1
DA:105,1
DA:106,1
DA:107,1
DA:108,1
DA:109,2
DA:113,1
DA:115,1
DA:116,1
DA:117,0
DA:118,0
DA:120,0
DA:124,1
DA:125,1
DA:128,1
DA:129,1
DA:132,1
DA:134,1
DA:135,0
DA:136,0
DA:140,1
DA:142,1
DA:143,0
DA:144,0
DA:152,1
DA:153,2
DA:154,1
DA:155,1
DA:156,1
DA:157,1
DA:158,1
DA:159,0
DA:160,1
DA:162,1
DA:163,1
DA:164,1
DA:165,1
DA:166,1
DA:168,1
DA:169,0
DA:170,0
DA:171,0
DA:172,0
DA:173,0
DA:179,1
DA:180,2
DA:181,2
DA:182,2
DA:183,2
DA:184,2
DA:185,2
LF:97
LH:73
end_of_record
TN:
SF:/home/ggomes/Documents/vigilant-parakeet/node_lib/src/messages/control/mod.rs
FN:15,<impl TryFrom for Control<'a>>::try_from
FN:29,<impl From for Vec<Vec<u8>>>::from
FNF:2
FNDA:1,<impl TryFrom for Control<'a>>::try_from
FNDA:1,<impl From for Vec<Vec<u8>>>::from
DA:15,1
DA:16,1
DA:17,1
DA:20,4
DA:21,1
DA:22,1
DA:23,0
DA:29,1
DA:30,1
DA:31,1
DA:32,1
DA:33,1
DA:34,2
DA:35,2
DA:37,1
DA:38,1
DA:39,1
DA:40,1
DA:41,1
LF:19
LH:18
end_of_record
TN:
SF:/home/ggomes/Documents/vigilant-parakeet/node_lib/src/messages/data/mod.rs
FN:25,ToUpstream<'a>::new
FN:32,ToUpstream<'a>::data
FN:36,ToUpstream<'a>::source
FN:42,ToDownstream<'a>::new
FN:50,ToDownstream<'a>::data
FN:54,ToDownstream<'a>::source
FN:57,ToDownstream<'a>::destination
FN:65,<impl TryFrom for ToUpstream<'a>>::try_from
FN:84,<impl TryFrom for ToDownstream<'a>>::try_from
FN:114,<impl TryFrom for Data<'a>>::try_from
FN:128,<impl From for Vec<Vec<u8>>>::from
FNF:11
FNDA:2,ToUpstream<'a>::new
FNDA:1,ToUpstream<'a>::data
FNDA:1,ToUpstream<'a>::source
FNDA:1,ToDownstream<'a>::new
FNDA:1,ToDownstream<'a>::data
FNDA:1,ToDownstream<'a>::source
FNDA:1,ToDownstream<'a>::destination
FNDA:1,<impl TryFrom for ToUpstream<'a>>::try_from
FNDA:1,<impl TryFrom for ToDownstream<'a>>::try_from
FNDA:1,<impl TryFrom for Data<'a>>::try_from
FNDA:1,<impl From for Vec<Vec<u8>>>::from
DA:25,2
DA:27,2
DA:28,2
DA:32,1
DA:33,1
DA:36,1
DA:37,0
DA:42,1
DA:44,1
DA:45,2
DA:46,1
DA:50,1
DA:51,1
DA:54,1
DA:55,0
DA:57,1
DA:58,1
DA:65,1
DA:66,2
DA:67,0
DA:69,1
DA:70,1
DA:71,1
DA:76,1
DA:77,1
DA:84,1
DA:85,3
DA:86,0
DA:87,0
DA:88,0
DA:90,1
DA:91,1
DA:92,1
DA:93,1
DA:94,0
DA:95,0
DA:96,0
DA:102,1
DA:103,2
DA:104,2
DA:105,2
DA:106,2
DA:114,1
DA:115,1
DA:116,0
DA:119,2
DA:120,1
DA:121,1
DA:122,1
DA:128,1
DA:129,1
DA:130,1
DA:131,1
DA:132,1
DA:133,1
DA:134,1
DA:136,0
DA:137,0
DA:138,0
DA:139,0
DA:140,0
LF:61
LH:46
end_of_record
TN:
SF:/home/ggomes/Documents/vigilant-parakeet/node_lib/src/messages/message.rs
FN:14,Message<'a>::new
FN:22,Message<'a>::from
FN:26,Message<'a>::to
FN:30,Message<'a>::get_mac_address
FN:39,Message<'a>::get_packet_type
FN:47,<impl TryFrom for Message<'a>>::try_from
FN:73,<impl From for Vec<Vec<u8>>>::from
FNF:7
FNDA:1,Message<'a>::new
FNDA:2,Message<'a>::from
FNDA:2,Message<'a>::to
FNDA:2,Message<'a>::get_mac_address
FNDA:2,Message<'a>::get_packet_type
FNDA:5,<impl TryFrom for Message<'a>>::try_from
FNDA:1,<impl From for Vec<Vec<u8>>>::from
DA:14,1
DA:16,2
DA:17,6
DA:22,2
DA:23,2
DA:26,2
DA:27,3
DA:30,2
DA:31,2
DA:32,0
DA:35,2
DA:36,2
DA:39,2
DA:40,2
DA:47,5
DA:48,5
DA:49,2
DA:52,6
DA:53,0
DA:56,2
DA:57,0
DA:60,6
DA:61,0
DA:64,1
DA:65,1
DA:66,3
DA:67,4
DA:73,1
DA:74,2
DA:75,2
DA:76,2
DA:77,2
DA:79,1
DA:80,2
DA:81,2
LF:35
LH:31
end_of_record
TN:
SF:/home/ggomes/Documents/vigilant-parakeet/node_lib/src/messages/packet_type.rs
FN:13,<impl TryFrom for PacketType<'a>>::try_from
FN:27,<impl From for Vec<Vec<u8>>>::from
FNF:2
FNDA:2,<impl TryFrom for PacketType<'a>>::try_from
FNDA:1,<impl From for Vec<Vec<u8>>>::from
DA:13,2
DA:14,2
DA:15,1
DA:18,4
DA:19,2
DA:20,0
DA:21,1
DA:27,1
DA:28,1
DA:29,1
DA:30,1
DA:31,1
DA:32,2
DA:33,1
DA:35,1
DA:36,1
DA:37,1
DA:38,1
DA:39,1
LF:19
LH:18
end_of_record
TN:
SF:/home/ggomes/Documents/vigilant-parakeet/simulator/src/main.rs
FNF:0
DA:63,0
DA:64,0
DA:66,0
DA:67,0
DA:68,0
DA:69,0
DA:72,0
DA:73,0
DA:74,0
DA:78,0
DA:79,0
DA:80,0
DA:81,0
DA:84,0
DA:86,0
DA:87,0
DA:88,0
DA:89,0
DA:91,0
DA:92,0
DA:96,0
DA:102,0
DA:103,0
DA:104,0
DA:105,0
DA:107,0
DA:108,0
DA:109,0
DA:110,0
DA:111,0
DA:113,0
DA:119,0
DA:120,0
DA:121,0
DA:122,0
DA:123,0
DA:124,0
DA:126,0
DA:131,0
DA:132,0
DA:133,0
DA:134,0
DA:136,0
DA:142,0
DA:143,0
DA:144,0
DA:147,0
DA:148,0
DA:244,0
DA:250,0
LF:50
LH:0
end_of_record
TN:
SF:/home/ggomes/Documents/vigilant-parakeet/simulator/src/simulator.rs
FN:31,NamespaceWrapper::new
FN:37,<impl Drop for NamespaceWrapper>::drop
FN:61,Channel::params
FN:65,Channel::set_params
FN:79,Channel::new
FN:123,Channel::send
FN:137,Channel::should_send
FN:155,Channel::recv
FN:170,Simulator::parse_topology
FN:245,Simulator::create_namespaces
FN:264,Simulator::new
FN:275,Simulator::run
FN:303,Simulator::generate_channel_reads
FN:313,Simulator::get_channels
FNF:14
FNDA:0,NamespaceWrapper::new
FNDA:0,<impl Drop for NamespaceWrapper>::drop
FNDA:0,Channel::params
FNDA:0,Channel::set_params
FNDA:0,Channel::new
FNDA:0,Channel::send
FNDA:0,Channel::should_send
FNDA:0,Channel::recv
FNDA:0,Simulator::parse_topology
FNDA:0,Simulator::create_namespaces
FNDA:0,Simulator::new
FNDA:0,Simulator::run
FNDA:0,Simulator::generate_channel_reads
FNDA:0,Simulator::get_channels
DA:31,0
DA:32,0
DA:37,0
DA:38,0
DA:39,0
DA:41,0
DA:61,0
DA:62,0
DA:65,0
DA:67,0
DA:70,0
DA:73,0
DA:74,0
DA:75,0
DA:76,0
DA:79,0
DA:86,0
DA:87,0
DA:88,0
DA:89,0
DA:90,0
DA:92,0
DA:93,0
DA:95,0
DA:96,0
DA:97,0
DA:98,0
DA:99,0
DA:103,0
DA:104,0
DA:105,0
DA:106,0
DA:109,0
DA:110,0
DA:111,0
DA:114,0
DA:120,0
DA:123,0
DA:124,0
DA:125,0
DA:126,0
DA:127,0
DA:129,0
DA:132,0
DA:134,0
DA:137,0
DA:138,0
DA:139,0
DA:140,0
DA:141,0
DA:144,0
DA:145,0
DA:146,0
DA:147,0
DA:148,0
DA:152,0
DA:155,0
DA:156,0
DA:157,0
DA:170,0
DA:177,0
DA:178,0
DA:181,0
DA:184,0
DA:185,0
DA:186,0
DA:188,0
DA:192,0
DA:193,0
DA:195,0
DA:196,0
DA:198,0
DA:199,0
DA:200,0
DA:201,0
DA:202,0
DA:203,0
DA:205,0
DA:210,0
DA:211,0
DA:212,0
DA:213,0
DA:214,0
DA:215,0
DA:216,0
DA:220,0
DA:221,0
DA:222,0
DA:223,0
DA:224,0
DA:227,0
DA:228,0
DA:229,0
DA:230,0
DA:231,0
DA:232,0
DA:233,0
DA:234,0
DA:237,0
DA:239,0
DA:245,0
DA:251,0
DA:252,0
DA:253,0
DA:254,0
DA:257,0
DA:258,0
DA:260,0
DA:261,0
DA:264,0
DA:268,0
DA:269,0
DA:270,0
DA:271,0
DA:275,0
DA:276,0
DA:279,0
DA:280,0
DA:281,0
DA:284,0
DA:287,0
DA:290,0
DA:291,0
DA:292,0
DA:293,0
DA:294,0
DA:298,0
DA:303,0
DA:307,0
DA:308,0
DA:309,0
DA:313,0
DA:314,0
LF:133
LH:0
end_of_record
TN:
SF:/home/ggomes/Documents/vigilant-parakeet/visualization/src/main.rs
FN:23,OutterForm
FN:128,app
FN:194,main
FNF:3
FNDA:0,OutterForm
FNDA:0,app
FNDA:0,main
DA:23,0
DA:24,0
DA:25,0
DA:26,0
DA:27,0
DA:28,0
DA:29,0
DA:30,0
DA:31,0
DA:33,0
DA:35,0
DA:36,0
DA:37,0
DA:38,0
DA:39,0
DA:40,0
DA:41,0
DA:46,0
DA:53,0
DA:54,0
DA:55,0
DA:56,0
DA:57,0
DA:58,0
DA:59,0
DA:61,0
DA:62,0
DA:66,0
DA:67,0
DA:68,0
DA:72,0
DA:73,0
DA:74,0
DA:75,0
DA:76,0
DA:77,0
DA:79,0
DA:80,0
DA:84,0
DA:85,0
DA:86,0
DA:87,0
DA:99,0
DA:100,0
DA:101,0
DA:102,0
DA:103,0
DA:105,0
DA:106,0
DA:107,0
DA:108,0
DA:109,0
DA:115,0
DA:116,0
DA:117,0
DA:118,0
DA:120,0
DA:128,0
DA:129,0
DA:131,0
DA:132,0
DA:133,0
DA:134,0
DA:135,0
DA:136,0
DA:138,0
DA:142,0
DA:143,0
DA:144,0
DA:145,0
DA:146,0
DA:150,0
DA:153,0
DA:158,0
DA:159,0
DA:160,0
DA:161,0
DA:162,0
DA:163,0
DA:165,0
DA:169,0
DA:171,0
DA:173,0
DA:174,0
DA:175,0
DA:179,0
DA:182,0
DA:186,0
DA:194,0
DA:195,0
DA:198,0
DA:199,0
DA:201,0
DA:205,0
LF:94
LH:0
end_of_record
TN:
SF:/home/ggomes/Documents/vigilant-parakeet/visualization/src/select.rs
FN:12,Select
FNF:1
FNDA:0,Select
DA:12,0
DA:13,0
DA:14,0
DA:16,0
DA:18,0
DA:19,0
DA:21,0
DA:22,0
DA:23,0
DA:27,0
LF:10
LH:0
end_of_record
TN:
SF:/home/ggomes/Documents/vigilant-parakeet/visualization/src/throughput.rs
FN:44,<impl Component for Throughput>::create
FN:55,<impl Component for Throughput>::update
FN:98,<impl Component for Throughput>::view
FNF:3
FNDA:0,<impl Component for Throughput>::create
FNDA:0,<impl Component for Throughput>::update
FNDA:0,<impl Component for Throughput>::view
DA:44,0
DA:46,0
DA:47,0
DA:55,0
DA:56,0
DA:58,0
DA:59,0
DA:61,0
DA:63,0
DA:64,0
DA:66,0
DA:68,0
DA:70,0
DA:72,0
DA:73,0
DA:74,0
DA:75,0
DA:77,0
DA:79,0
DA:80,0
DA:82,0
DA:83,0
DA:84,0
DA:89,0
DA:90,0
DA:91,0
DA:93,0
DA:98,0
DA:99,0
DA:100,0
DA:101,0
DA:103,0
DA:104,0
DA:105,0
DA:106,0
DA:107,0
DA:108,0
DA:110,0
DA:111,0
DA:112,0
DA:114,0
DA:115,0
DA:118,0
DA:119,0
DA:121,0
DA:126,0
DA:128,0
DA:129,0
DA:130,0
DA:132,0
DA:133,0
DA:136,0
DA:138,0
DA:140,0
DA:142,0
DA:147,0
DA:149,0
DA:150,0
DA:151,0
DA:153,0
DA:154,0
DA:156,0
DA:158,0
DA:161,0
DA:163,0
DA:164,0
DA:165,0
DA:167,0
DA:168,0
DA:170,0
DA:172,0
DA:175,0
DA:186,0
DA:187,0
DA:191,0
DA:192,0
DA:195,0
DA:196,0
DA:198,0
DA:199,0
DA:203,0
DA:204,0
DA:207,0
DA:208,0
DA:209,0
DA:210,0
DA:211,0
DA:212,0
DA:213,0
DA:214,0
DA:215,0
DA:216,0
DA:217,0
DA:218,0
DA:219,0
DA:220,0
DA:221,0
DA:223,0
DA:225,0
DA:226,0
DA:227,0
DA:228,0
DA:229,0
DA:230,0
DA:231,0
DA:232,0
DA:233,0
LF:107
LH:0
end_of_record
