TN:
SF:/home/runner/work/vigilant-parakeet/vigilant-parakeet/common/src/channel_parameters.rs
FN:14,<impl From for ChannelParameters>::from
FNF:1
FNDA:2,<impl From for ChannelParameters>::from
DA:14,2
DA:15,4
DA:16,2
DA:17,1
DA:19,3
DA:20,2
DA:21,1
DA:25,1
LF:8
LH:8
end_of_record
TN:
SF:/home/runner/work/vigilant-parakeet/vigilant-parakeet/common/src/device.rs
FN:57,<impl AsyncRead for Device>::poll_read
FN:87,stats_tests::set_nonblocking
FNF:2
FNDA:1,<impl AsyncRead for Device>::poll_read
FNDA:2,stats_tests::set_nonblocking
DA:57,1
DA:62,1
DA:64,1
DA:66,3
DA:67,1
DA:68,1
DA:69,1
DA:71,0
DA:87,2
DA:89,2
DA:90,2
DA:91,2
DA:183,0
DA:188,0
DA:190,0
DA:192,0
DA:193,0
DA:199,0
DA:204,0
DA:206,0
DA:208,0
DA:209,0
DA:215,1
DA:219,1
DA:223,1
DA:225,1
DA:227,3
DA:228,1
DA:234,0
DA:238,0
DA:245,1
DA:255,13
DA:265,13
DA:266,13
DA:271,1
DA:272,1
DA:277,1
DA:278,1
DA:281,1
DA:282,1
DA:285,1
DA:286,1
DA:287,1
DA:288,1
DA:290,1
DA:295,7
DA:296,8
DA:297,7
DA:298,9
DA:300,8
DA:303,1
DA:304,1
DA:305,1
DA:306,1
DA:308,1
DA:311,9
DA:314,19
DA:315,10
DA:316,9
DA:319,19
DA:320,11
DA:321,4
DA:323,9
DA:328,9
DA:333,9
DA:345,9
DA:346,9
DA:353,0
DA:357,0
DA:360,0
DA:362,0
DA:365,0
DA:366,0
DA:367,0
DA:368,0
DA:369,0
DA:370,0
DA:374,0
DA:379,0
DA:380,0
DA:381,0
DA:384,0
DA:385,0
DA:386,0
DA:388,0
DA:390,0
DA:396,0
DA:398,0
DA:399,0
DA:400,0
DA:403,0
DA:404,0
DA:405,0
DA:409,0
DA:410,0
DA:416,11
DA:425,22
DA:434,38
DA:435,10
DA:436,49
DA:437,23
DA:438,7
DA:440,15
DA:441,15
DA:442,15
DA:443,15
DA:445,8
DA:452,4
DA:453,1
DA:454,5
DA:455,3
DA:456,1
DA:458,2
DA:459,2
DA:460,2
DA:461,2
DA:463,1
DA:470,4
DA:471,1
DA:472,1
DA:473,2
DA:474,5
DA:475,0
DA:477,2
DA:478,1
DA:484,2
DA:485,2
DA:486,2
DA:488,1
DA:491,33
DA:492,9
DA:493,52
DA:494,32
DA:495,10
DA:497,20
DA:498,18
DA:499,18
DA:500,18
DA:502,9
DA:510,2
DA:511,3
LF:141
LH:99
end_of_record
TN:
SF:/home/runner/work/vigilant-parakeet/vigilant-parakeet/common/src/tun.rs
FN:16,test_tun::TokioTun::new_pair
FN:32,test_tun::TokioTun::send_vectored
FN:47,test_tun::TokioTun::recv
FN:59,test_tun::TokioTun::send_all
FN:67,test_tun::TokioTun::name
FN:105,Tun::new
FN:120,Tun::new_shim
FN:135,Tun::new_real
FN:151,Tun::from_shim_tun
FN:156,Tun::stats
FN:160,Tun::send_vectored
FN:185,Tun::recv
FN:200,Tun::send_all
FN:215,Tun::name
FN:235,<impl From for Tun>::from
FNF:15
FNDA:13,test_tun::TokioTun::new_pair
FNDA:24,test_tun::TokioTun::send_vectored
FNDA:35,test_tun::TokioTun::recv
FNDA:24,test_tun::TokioTun::send_all
FNDA:1,test_tun::TokioTun::name
FNDA:0,Tun::new
FNDA:12,Tun::new_shim
FNDA:0,Tun::new_real
FNDA:0,Tun::from_shim_tun
FNDA:1,Tun::stats
FNDA:20,Tun::send_vectored
FNDA:37,Tun::recv
FNDA:24,Tun::send_all
FNDA:1,Tun::name
FNDA:0,<impl From for Tun>::from
DA:16,13
DA:17,13
DA:18,26
DA:21,13
DA:22,13
DA:26,14
DA:27,12
DA:29,13
DA:32,24
DA:33,6
DA:34,12
DA:35,12
DA:37,6
DA:38,24
DA:39,6
DA:40,18
DA:41,6
DA:42,6
DA:47,35
DA:48,17
DA:49,34
DA:50,5
DA:51,10
DA:52,5
DA:53,6
DA:55,0
DA:59,24
DA:60,24
DA:61,12
DA:62,18
DA:63,6
DA:64,6
DA:67,1
DA:68,1
DA:105,0
DA:110,0
DA:120,12
DA:122,13
DA:124,25
DA:135,0
DA:137,0
DA:139,0
DA:151,0
DA:152,0
DA:156,1
DA:157,2
DA:160,20
DA:161,5
DA:163,0
DA:166,0
DA:167,0
DA:168,0
DA:169,0
DA:171,0
DA:172,0
DA:174,12
DA:178,12
DA:179,12
DA:180,12
DA:182,6
DA:185,37
DA:186,9
DA:188,0
DA:189,28
DA:193,12
DA:194,10
DA:195,10
DA:197,5
DA:200,24
DA:201,6
DA:203,0
DA:204,12
DA:208,12
DA:209,12
DA:210,12
DA:212,6
DA:215,1
DA:216,2
DA:218,0
DA:219,1
DA:235,0
DA:236,0
LF:82
LH:62
end_of_record
TN:
SF:/home/runner/work/vigilant-parakeet/vigilant-parakeet/node_lib/src/control/client_cache.rs
FN:11,ClientCache::store_mac
FN:26,ClientCache::get
FNF:2
FNDA:4,ClientCache::store_mac
FNDA:4,ClientCache::get
DA:11,4
DA:12,4
DA:13,5
DA:14,4
DA:20,5
DA:21,10
DA:22,10
DA:23,5
DA:26,4
DA:27,4
DA:28,10
LF:11
LH:11
end_of_record
TN:
SF:/home/runner/work/vigilant-parakeet/vigilant-parakeet/node_lib/src/control/node.rs
FN:27,get_msgs
FN:50,bytes_to_hex
FN:58,handle_messages
FN:111,buffer
FN:116,wire_traffic
FN:130,tap_traffic
FNF:6
FNDA:1,get_msgs
FNDA:0,bytes_to_hex
FNDA:10,handle_messages
FNDA:8,buffer
FNDA:17,wire_traffic
FNDA:8,tap_traffic
DA:27,1
DA:28,2
DA:29,2
DA:30,1
DA:31,1
DA:32,3
DA:33,0
DA:34,1
DA:35,3
DA:36,3
DA:37,1
DA:39,2
DA:42,1
DA:44,1
DA:45,0
DA:50,0
DA:51,0
DA:53,0
DA:58,10
DA:64,10
DA:66,20
DA:67,10
DA:68,29
DA:69,10
DA:70,4
DA:71,16
DA:72,16
DA:73,4
DA:74,12
DA:75,8
DA:77,9
DA:78,36
DA:82,18
DA:83,8
DA:84,3
DA:88,3
DA:89,4
DA:90,3
DA:91,3
DA:92,2
DA:93,1
DA:94,1
DA:95,1
DA:107,11
DA:108,9
DA:111,8
DA:112,7
DA:113,7
DA:116,17
DA:123,17
DA:124,40
DA:126,11
DA:127,24
DA:130,8
DA:137,7
DA:138,16
DA:139,2
LF:57
LH:52
end_of_record
TN:
SF:/home/runner/work/vigilant-parakeet/vigilant-parakeet/node_lib/src/control/obu/mod.rs
FN:32,Obu::new
FN:50,Obu::cached_upstream_mac
FN:55,Obu::cached_upstream_route
FN:61,Obu::cached_upstream_candidates_len
FN:70,Obu::wire_traffic_task
FN:131,Obu::session_task
FN:198,Obu::handle_msg
FN:273,handle_msg_for_test
FNF:8
FNDA:9,Obu::new
FNDA:5,Obu::cached_upstream_mac
FNDA:1,Obu::cached_upstream_route
FNDA:1,Obu::cached_upstream_candidates_len
FNDA:9,Obu::wire_traffic_task
FNDA:7,Obu::session_task
FNDA:26,Obu::handle_msg
FNDA:2,handle_msg_for_test
DA:32,9
DA:33,18
DA:34,9
DA:35,18
DA:36,9
DA:37,9
DA:38,18
DA:39,9
DA:40,20
DA:43,18
DA:44,17
DA:45,9
DA:46,9
DA:50,5
DA:51,12
DA:55,1
DA:57,2
DA:61,1
DA:62,2
DA:66,3
DA:70,9
DA:71,18
DA:72,18
DA:73,18
DA:74,26
DA:75,9
DA:76,17
DA:77,32
DA:78,8
DA:79,19
DA:81,13
DA:82,7
DA:83,6
DA:85,7
DA:86,6
DA:87,6
DA:88,14
DA:89,36
DA:90,9
DA:92,18
DA:93,9
DA:97,9
DA:98,36
DA:99,9
DA:101,0
DA:102,0
DA:108,27
DA:109,4
DA:111,9
DA:114,55
DA:115,9
DA:118,27
DA:119,9
DA:120,9
DA:121,9
DA:122,18
DA:124,45
DA:128,9
DA:131,7
DA:132,7
DA:133,15
DA:134,15
DA:135,15
DA:136,15
DA:137,9
DA:138,26
DA:139,14
DA:140,17
DA:143,17
DA:144,8
DA:145,23
DA:146,28
DA:147,10
DA:148,10
DA:150,0
DA:154,7
DA:155,4
DA:156,2
DA:157,0
DA:158,0
DA:159,0
DA:163,6
DA:166,12
DA:167,4
DA:168,8
DA:169,4
DA:170,4
DA:171,8
DA:172,4
DA:175,5
DA:177,5
DA:178,4
DA:180,39
DA:182,5
DA:185,14
DA:186,4
DA:187,5
DA:188,4
DA:189,9
DA:191,22
DA:195,9
DA:198,26
DA:199,13
DA:200,3
DA:201,6
DA:202,6
DA:203,0
DA:206,12
DA:207,3
DA:208,6
DA:209,3
DA:210,3
DA:212,3
DA:215,1
DA:216,3
DA:218,1
DA:219,1
DA:221,1
DA:222,1
DA:224,1
DA:225,1
DA:226,0
DA:227,0
DA:228,0
DA:229,0
DA:230,0
DA:234,2
DA:236,2
DA:238,1
DA:239,2
DA:240,1
DA:241,2
DA:242,0
DA:245,3
DA:246,1
DA:247,2
DA:248,1
DA:249,1
DA:251,1
DA:255,19
DA:259,15
DA:260,13
DA:264,9
DA:273,2
DA:280,4
DA:281,1
DA:282,2
DA:283,2
DA:284,1
DA:287,4
DA:288,1
DA:289,1
DA:290,1
DA:291,2
DA:293,1
DA:296,2
DA:297,6
DA:299,2
DA:300,2
DA:302,2
DA:303,2
DA:304,2
DA:307,1
DA:308,2
DA:309,1
DA:310,2
DA:311,1
DA:314,3
DA:315,1
DA:316,1
DA:317,1
DA:318,2
DA:320,1
DA:325,2
DA:327,3
DA:330,2
LF:176
LH:163
end_of_record
TN:
SF:/home/runner/work/vigilant-parakeet/vigilant-parakeet/node_lib/src/control/obu/routing.rs
FN:1568,Routing::new
FN:1584,Routing::get_cached_upstream
FN:1590,Routing::clear_cached_upstream
FN:1599,Routing::get_cached_candidates
FN:1608,Routing::failover_cached_upstream
FN:1703,Routing::test_set_cached_candidates
FN:1714,Routing::handle_heartbeat
FN:1882,Routing::handle_heartbeat_reply
FN:2074,Routing::get_route_to
FN:2358,Routing::select_and_cache_upstream
FNF:10
FNDA:10,Routing::new
FNDA:10,Routing::get_cached_upstream
FNDA:1,Routing::clear_cached_upstream
FNDA:2,Routing::get_cached_candidates
FNDA:2,Routing::failover_cached_upstream
FNDA:1,Routing::test_set_cached_candidates
FNDA:8,Routing::handle_heartbeat
FNDA:6,Routing::handle_heartbeat_reply
FNDA:9,Routing::get_route_to
FNDA:10,Routing::select_and_cache_upstream
DA:1568,10
DA:1569,10
DA:1570,0
DA:1572,12
DA:1573,11
DA:1574,11
DA:1575,11
DA:1576,24
DA:1577,24
DA:1578,22
DA:1579,11
DA:1584,10
DA:1586,40
DA:1590,1
DA:1591,1
DA:1592,1
DA:1593,1
DA:1595,1
DA:1599,2
DA:1600,4
DA:1603,6
DA:1608,2
DA:1609,4
DA:1613,6
DA:1615,2
DA:1616,4
DA:1618,5
DA:1619,2
DA:1623,1
DA:1625,2
DA:1626,2
DA:1627,1
DA:1628,1
DA:1629,4
DA:1630,2
DA:1634,1
DA:1636,2
DA:1637,1
DA:1639,2
DA:1640,2
DA:1641,1
DA:1647,2
DA:1651,1
DA:1653,2
DA:1654,1
DA:1655,3
DA:1656,1
DA:1657,1
DA:1660,3
DA:1661,1
DA:1664,3
DA:1665,1
DA:1666,3
DA:1668,3
DA:1670,2
DA:1671,1
DA:1673,3
DA:1674,0
DA:1675,0
DA:1676,0
DA:1677,0
DA:1684,2
DA:1685,2
DA:1690,4
DA:1692,0
DA:1695,4
DA:1696,2
DA:1697,2
DA:1698,2
DA:1699,2
DA:1703,1
DA:1705,2
DA:1706,0
DA:1707,0
DA:1709,2
DA:1710,1
DA:1714,8
DA:1719,17
DA:1720,0
DA:1723,9
DA:1724,9
DA:1725,17
DA:1727,20
DA:1728,11
DA:1729,9
DA:1732,19
DA:1733,1
DA:1736,11
DA:1737,1
DA:1740,9
DA:1741,10
DA:1742,10
DA:1743,9
DA:1744,10
DA:1747,10
DA:1748,10
DA:1749,9
DA:1750,11
DA:1755,22
DA:1757,18
DA:1758,10
DA:1759,10
DA:1762,27
DA:1763,1
DA:1766,11
DA:1767,1
DA:1772,10
DA:1773,7
DA:1774,8
DA:1777,8
DA:1779,7
DA:1780,7
DA:1786,32
DA:1787,21
DA:1789,20
DA:1795,11
DA:1796,5
DA:1797,5
DA:1800,18
DA:1801,10
DA:1802,5
DA:1813,10
DA:1814,24
DA:1817,4
DA:1818,4
DA:1819,0
DA:1832,12
DA:1833,9
DA:1834,6
DA:1835,4
DA:1844,3
DA:1845,3
DA:1846,0
DA:1860,35
DA:1861,13
DA:1862,13
DA:1863,13
DA:1864,24
DA:1865,11
DA:1867,11
DA:1869,13
DA:1870,11
DA:1871,11
DA:1872,24
DA:1873,26
DA:1874,11
DA:1877,11
DA:1882,6
DA:1887,12
DA:1888,0
DA:1891,6
DA:1892,6
DA:1893,6
DA:1894,0
DA:1902,12
DA:1903,0
DA:1905,7
DA:1919,6
DA:1920,7
DA:1921,10
DA:1922,5
DA:1923,18
DA:1924,4
DA:1926,6
DA:1929,7
DA:1937,6
DA:1939,4
DA:1940,4
DA:1946,8
DA:1949,0
DA:1952,6
DA:1953,6
DA:1954,6
DA:1955,0
DA:1956,0
DA:1958,0
DA:1959,0
DA:1960,0
DA:1961,0
DA:1964,6
DA:1965,14
DA:1966,6
DA:1967,6
DA:1968,8
DA:1973,8
DA:1974,4
DA:1975,4
DA:1977,4
DA:1979,4
DA:1980,4
DA:1983,5
DA:1984,12
DA:1986,11
DA:1987,5
DA:1997,6
DA:1998,12
DA:2003,6
DA:2004,4
DA:2007,6
DA:2008,18
DA:2009,6
DA:2010,6
DA:2011,6
DA:2012,12
DA:2014,6
DA:2017,10
DA:2018,3
DA:2019,3
DA:2028,4
DA:2029,4
DA:2030,0
DA:2043,12
DA:2044,4
DA:2045,2
DA:2046,1
DA:2055,1
DA:2056,1
DA:2057,0
DA:2071,7
DA:2074,9
DA:2075,8
DA:2076,28
DA:2078,7
DA:2079,7
DA:2086,10
DA:2088,8
DA:2089,17
DA:2090,12
DA:2091,6
DA:2092,5
DA:2093,15
DA:2094,5
DA:2099,9
DA:2100,8
DA:2102,20
DA:2105,5
DA:2107,25
DA:2108,10
DA:2113,10
DA:2114,5
DA:2116,10
DA:2117,5
DA:2118,10
DA:2122,5
DA:2123,6
DA:2124,5
DA:2126,7
DA:2127,2
DA:2129,10
DA:2138,11
DA:2139,10
DA:2142,32
DA:2143,12
DA:2144,31
DA:2146,31
DA:2148,29
DA:2154,10
DA:2156,21
DA:2157,21
DA:2158,10
DA:2159,5
DA:2160,20
DA:2161,12
DA:2165,6
DA:2167,10
DA:2168,5
DA:2170,10
DA:2171,10
DA:2172,5
DA:2179,10
DA:2182,5
DA:2184,5
DA:2187,5
DA:2189,10
DA:2190,0
DA:2192,5
DA:2202,5
DA:2203,10
DA:2207,5
DA:2210,0
DA:2212,0
DA:2214,0
DA:2215,0
DA:2216,0
DA:2217,0
DA:2218,0
DA:2220,0
DA:2221,0
DA:2231,10
DA:2232,6
DA:2235,2
DA:2236,2
DA:2238,0
DA:2240,3
DA:2241,0
DA:2243,1
DA:2245,1
DA:2255,2
DA:2256,2
DA:2258,0
DA:2260,3
DA:2261,0
DA:2263,1
DA:2267,1
DA:2268,1
DA:2270,1
DA:2271,1
DA:2272,0
DA:2274,2
DA:2282,1
DA:2283,1
DA:2285,0
DA:2286,2
DA:2287,0
DA:2290,1
DA:2293,1
DA:2295,1
DA:2296,1
DA:2297,1
DA:2298,1
DA:2299,0
DA:2301,2
DA:2309,5
DA:2311,5
DA:2312,5
DA:2313,0
DA:2315,10
DA:2321,21
DA:2322,11
DA:2323,9
DA:2326,17
DA:2327,21
DA:2329,21
DA:2331,7
DA:2332,7
DA:2333,1
DA:2334,1
DA:2335,0
DA:2337,0
DA:2338,0
DA:2345,10
DA:2347,9
DA:2348,9
DA:2351,0
DA:2358,10
DA:2359,9
DA:2360,11
DA:2362,9
DA:2364,11
DA:2367,12
DA:2370,21
DA:2379,10
DA:2381,19
DA:2382,21
DA:2383,9
DA:2384,1
DA:2385,4
DA:2386,2
DA:2390,1
DA:2392,2
DA:2393,1
DA:2395,2
DA:2396,2
DA:2397,1
DA:2403,20
DA:2405,1
DA:2409,3
DA:2410,1
DA:2413,3
DA:2414,1
DA:2417,3
DA:2418,1
DA:2419,3
DA:2421,3
DA:2423,4
DA:2424,1
DA:2426,3
DA:2427,2
DA:2428,1
DA:2429,1
DA:2430,1
DA:2439,2
DA:2440,1
DA:2441,1
DA:2442,1
DA:2443,0
DA:2444,0
DA:2451,3
DA:2452,1
DA:2454,1
DA:2457,10
DA:2460,29
DA:2461,10
DA:2462,33
DA:2464,30
DA:2466,27
DA:2467,9
DA:2468,10
DA:2469,29
DA:2470,23
DA:2471,13
DA:2472,13
DA:2473,10
DA:2478,11
DA:2479,10
DA:2480,12
DA:2481,13
DA:2482,4
DA:2483,4
DA:2490,34
DA:2491,6
DA:2493,32
DA:2494,0
DA:2496,10
DA:2503,24
DA:2504,36
DA:2507,12
DA:2508,12
LF:418
LH:369
end_of_record
TN:
SF:/home/runner/work/vigilant-parakeet/vigilant-parakeet/node_lib/src/control/obu/session.rs
FN:22,Session::new
FN:26,Session::process
FNF:2
FNDA:10,Session::new
FNDA:9,Session::process
DA:22,10
DA:23,10
DA:26,9
DA:33,8
DA:34,9
DA:36,8
DA:37,27
DA:38,5
DA:40,0
LF:9
LH:8
end_of_record
TN:
SF:/home/runner/work/vigilant-parakeet/vigilant-parakeet/node_lib/src/control/route.rs
FN:16,<impl Display for Route>::fmt
FNF:1
FNDA:1,<impl Display for Route>::fmt
DA:16,1
DA:17,1
LF:2
LH:2
end_of_record
TN:
SF:/home/runner/work/vigilant-parakeet/vigilant-parakeet/node_lib/src/control/routing_utils.rs
FN:14,pick_best_next_hop
FN:49,score_and_sort_latency_candidates
FN:77,pick_best_from_latency_candidates
FNF:3
FNDA:5,pick_best_next_hop
FNDA:7,score_and_sort_latency_candidates
FNDA:7,pick_best_from_latency_candidates
DA:14,5
DA:17,5
DA:19,10
DA:20,12
DA:21,10
DA:23,2
DA:25,17
DA:26,2
DA:28,5
DA:30,5
DA:31,5
DA:32,2
DA:33,4
DA:34,1
DA:35,2
DA:36,2
DA:42,5
DA:43,5
DA:49,7
DA:52,7
DA:53,21
DA:54,17
DA:55,14
DA:57,1
DA:59,22
DA:60,3
DA:62,8
DA:64,8
DA:66,11
DA:67,4
DA:68,4
DA:69,4
DA:71,7
DA:77,7
DA:80,7
DA:81,14
DA:82,0
DA:84,14
DA:85,7
LF:39
LH:38
end_of_record
TN:
SF:/home/runner/work/vigilant-parakeet/vigilant-parakeet/node_lib/src/control/rsu/mod.rs
FN:35,Rsu::new
FN:52,Rsu::get_route_to
FN:57,Rsu::next_hop_count
FN:61,Rsu::wire_traffic_task
FN:121,Rsu::handle_msg
FN:245,Rsu::hello_task
FN:277,Rsu::process_tap_traffic
FN:463,handle_msg_for_test
FNF:8
FNDA:10,Rsu::new
FNDA:1,Rsu::get_route_to
FNDA:1,Rsu::next_hop_count
FNDA:10,Rsu::wire_traffic_task
FNDA:20,Rsu::handle_msg
FNDA:10,Rsu::hello_task
FNDA:10,Rsu::process_tap_traffic
FNDA:1,handle_msg_for_test
DA:35,10
DA:36,20
DA:37,20
DA:38,10
DA:39,10
DA:40,10
DA:41,20
DA:44,20
DA:45,20
DA:46,10
DA:47,10
DA:48,10
DA:52,1
DA:53,2
DA:57,1
DA:58,3
DA:61,10
DA:62,20
DA:63,20
DA:65,26
DA:66,13
DA:67,17
DA:68,27
DA:69,15
DA:71,10
DA:72,5
DA:73,5
DA:75,5
DA:76,5
DA:77,5
DA:78,10
DA:79,15
DA:80,20
DA:81,5
DA:83,10
DA:84,3
DA:88,5
DA:89,20
DA:90,5
DA:92,0
DA:93,0
DA:99,13
DA:100,5
DA:102,3
DA:105,47
DA:107,10
DA:108,3
DA:109,9
DA:112,0
DA:113,0
DA:118,10
DA:121,20
DA:122,10
DA:123,3
DA:125,3
DA:126,4
DA:127,2
DA:128,0
DA:131,2
DA:135,9
DA:136,3
DA:137,3
DA:139,3
DA:140,9
DA:141,3
DA:142,3
DA:144,3
DA:145,9
DA:147,3
DA:148,3
DA:150,3
DA:151,3
DA:152,3
DA:153,3
DA:154,3
DA:156,6
DA:157,6
DA:158,3
DA:161,6
DA:162,6
DA:163,6
DA:164,3
DA:165,9
DA:166,6
DA:167,3
DA:168,3
DA:170,9
DA:172,3
DA:173,2
DA:174,2
DA:175,0
DA:178,1
DA:182,3
DA:183,3
DA:184,6
DA:186,3
DA:187,3
DA:188,3
DA:189,3
DA:192,3
DA:195,3
DA:196,0
DA:197,0
DA:198,0
DA:202,0
DA:203,0
DA:204,0
DA:205,0
DA:208,0
DA:211,0
DA:212,0
DA:213,0
DA:214,0
DA:215,0
DA:216,0
DA:218,0
DA:221,0
DA:224,0
DA:227,3
DA:229,5
DA:230,10
DA:231,15
DA:234,10
DA:236,0
DA:240,5
DA:245,10
DA:246,10
DA:247,0
DA:250,10
DA:251,10
DA:252,20
DA:254,26
DA:255,8
DA:257,16
DA:258,16
DA:259,16
DA:260,8
DA:264,19
DA:265,6
DA:266,26
DA:267,29
DA:268,6
DA:269,33
DA:270,15
DA:271,25
DA:274,10
DA:277,10
DA:278,10
DA:279,20
DA:280,20
DA:281,20
DA:282,10
DA:283,24
DA:284,9
DA:285,17
DA:286,17
DA:287,16
DA:288,26
DA:289,4
DA:290,2
DA:291,2
DA:292,2
DA:293,2
DA:294,2
DA:295,2
DA:296,2
DA:298,2
DA:299,4
DA:301,2
DA:303,4
DA:304,2
DA:305,4
DA:306,3
DA:307,1
DA:308,1
DA:310,4
DA:311,4
DA:312,4
DA:314,1
DA:315,1
DA:316,1
DA:317,0
DA:320,0
DA:323,1
DA:324,2
DA:326,1
DA:327,1
DA:328,1
DA:329,1
DA:332,2
DA:334,2
DA:335,2
DA:337,1
DA:338,0
DA:339,0
DA:340,0
DA:343,2
DA:347,2
DA:348,3
DA:349,1
DA:350,2
DA:351,1
DA:352,1
DA:354,1
DA:355,1
DA:358,1
DA:363,0
DA:364,0
DA:365,0
DA:366,0
DA:368,0
DA:370,0
DA:371,0
DA:374,0
DA:378,0
DA:379,0
DA:380,0
DA:381,0
DA:382,0
DA:383,0
DA:385,0
DA:386,0
DA:387,0
DA:389,0
DA:390,0
DA:391,0
DA:392,0
DA:395,0
DA:398,0
DA:399,0
DA:401,0
DA:402,0
DA:403,0
DA:404,0
DA:407,0
DA:409,0
DA:415,0
DA:416,0
DA:417,0
DA:418,0
DA:419,0
DA:420,0
DA:422,0
DA:423,0
DA:424,0
DA:426,0
DA:427,0
DA:428,0
DA:429,0
DA:432,0
DA:435,0
DA:436,0
DA:438,0
DA:439,0
DA:440,0
DA:441,0
DA:444,0
DA:446,0
DA:448,4
DA:449,2
DA:451,33
DA:453,2
DA:454,6
DA:458,10
DA:463,1
DA:471,2
DA:472,1
DA:473,3
DA:475,1
DA:476,1
DA:478,1
DA:479,3
DA:481,1
DA:482,1
DA:484,1
DA:485,3
DA:487,1
DA:488,1
DA:490,1
DA:491,1
DA:492,1
DA:493,1
DA:494,1
DA:495,6
DA:496,2
DA:497,1
DA:500,2
DA:501,3
DA:502,2
DA:503,1
DA:504,1
DA:505,1
DA:506,0
DA:507,0
DA:509,1
DA:510,0
DA:511,0
DA:512,0
DA:514,0
DA:515,0
DA:516,0
DA:518,0
DA:522,0
DA:525,1
DA:526,2
DA:527,2
DA:528,0
DA:531,3
DA:532,1
DA:533,1
DA:534,1
DA:535,1
DA:536,1
DA:537,2
DA:539,1
DA:543,1
DA:546,2
DA:549,1
DA:551,1
DA:552,3
DA:553,0
DA:556,0
DA:558,1
DA:562,0
LF:324
LH:228
end_of_record
TN:
SF:/home/runner/work/vigilant-parakeet/vigilant-parakeet/node_lib/src/control/rsu/routing.rs
FN:36,Routing::new
FN:47,Routing::send_heartbeat
FN:77,Routing::handle_heartbeat_reply
FN:144,Routing::get_route_to
FN:196,Routing::iter_next_hops
FNF:5
FNDA:11,Routing::new
FNDA:11,Routing::send_heartbeat
FNDA:7,Routing::handle_heartbeat_reply
FNDA:7,Routing::get_route_to
FNDA:5,Routing::iter_next_hops
DA:36,11
DA:37,12
DA:38,0
DA:40,11
DA:42,11
DA:43,12
DA:47,11
DA:49,10
DA:50,10
DA:54,26
DA:55,0
DA:58,20
DA:59,0
DA:64,20
DA:66,10
DA:70,20
DA:71,10
DA:77,7
DA:82,14
DA:83,0
DA:86,7
DA:87,7
DA:88,0
DA:89,0
DA:92,7
DA:93,7
DA:94,3
DA:95,3
DA:97,3
DA:98,3
DA:99,3
DA:103,7
DA:104,14
DA:105,7
DA:106,7
DA:112,7
DA:113,15
DA:114,0
DA:117,8
DA:118,7
DA:119,4
DA:127,3
DA:128,3
DA:129,0
DA:141,7
DA:144,7
DA:145,7
DA:148,7
DA:149,14
DA:150,14
DA:151,7
DA:152,7
DA:156,7
DA:157,7
DA:161,28
DA:165,7
DA:166,22
DA:167,39
DA:169,16
DA:173,8
DA:175,16
DA:176,7
DA:178,15
DA:179,14
DA:180,7
DA:183,7
DA:185,7
DA:186,7
DA:188,7
DA:189,0
DA:191,15
DA:196,5
DA:197,11
LF:73
LH:64
end_of_record
TN:
SF:/home/runner/work/vigilant-parakeet/vigilant-parakeet/node_lib/src/crypto.rs
FN:15,encrypt_payload
FN:31,decrypt_payload
FNF:2
FNDA:4,encrypt_payload
FNDA:3,decrypt_payload
DA:15,4
DA:16,4
DA:17,4
DA:19,3
DA:20,4
DA:21,4
DA:24,6
DA:25,6
DA:26,3
DA:31,3
DA:32,3
DA:33,1
DA:36,3
DA:37,3
DA:39,3
DA:40,4
DA:41,3
DA:42,6
DA:44,3
LF:19
LH:19
end_of_record
TN:
SF:/home/runner/work/vigilant-parakeet/vigilant-parakeet/node_lib/src/lib.rs
FN:34,<impl Node for control::rsu::Rsu>::as_any
FN:40,<impl Node for control::obu::Obu>::as_any
FN:45,create_with_vdev
FN:92,create
FN:97,init_test_tracing
FNF:5
FNDA:1,<impl Node for control::rsu::Rsu>::as_any
FNDA:1,<impl Node for control::obu::Obu>::as_any
FNDA:1,create_with_vdev
FNDA:1,create
FNDA:11,init_test_tracing
DA:34,1
DA:40,1
DA:45,1
DA:50,1
DA:51,1
DA:52,1
DA:92,1
DA:93,2
DA:97,11
DA:100,17
DA:101,7
DA:102,7
DA:103,7
LF:13
LH:13
end_of_record
TN:
SF:/home/runner/work/vigilant-parakeet/vigilant-parakeet/node_lib/src/messages/control/heartbeat.rs
FN:13,Heartbeat<'a>::new
FN:22,Heartbeat<'a>::duration
FN:33,Heartbeat<'a>::id
FN:37,Heartbeat<'a>::hops
FN:41,Heartbeat<'a>::source
FN:53,<impl TryFrom for Heartbeat<'a>>::try_from
FN:102,HeartbeatReply<'a>::from_sender
FN:112,HeartbeatReply<'a>::duration
FN:123,HeartbeatReply<'a>::id
FN:127,HeartbeatReply<'a>::hops
FN:131,HeartbeatReply<'a>::source
FN:139,HeartbeatReply<'a>::sender
FN:151,<impl TryFrom for HeartbeatReply<'a>>::try_from
FN:179,<impl From for Vec<Vec<u8>>>::from
FNF:14
FNDA:10,Heartbeat<'a>::new
FNDA:10,Heartbeat<'a>::duration
FNDA:11,Heartbeat<'a>::id
FNDA:10,Heartbeat<'a>::hops
FNDA:8,Heartbeat<'a>::source
FNDA:7,<impl TryFrom for Heartbeat<'a>>::try_from
FNDA:11,HeartbeatReply<'a>::from_sender
FNDA:7,HeartbeatReply<'a>::duration
FNDA:7,HeartbeatReply<'a>::id
FNDA:7,HeartbeatReply<'a>::hops
FNDA:7,HeartbeatReply<'a>::source
FNDA:7,HeartbeatReply<'a>::sender
FNDA:6,<impl TryFrom for HeartbeatReply<'a>>::try_from
FNDA:11,<impl From for Vec<Vec<u8>>>::from
DA:13,10
DA:15,10
DA:16,20
DA:17,20
DA:18,20
DA:22,10
DA:24,10
DA:25,10
DA:26,10
DA:27,10
DA:29,10
DA:33,11
DA:34,10
DA:37,10
DA:38,10
DA:41,8
DA:43,18
DA:44,8
DA:45,8
DA:53,7
DA:54,9
DA:55,8
DA:56,10
DA:57,7
DA:58,7
DA:59,8
DA:60,8
DA:61,8
DA:62,7
DA:63,7
DA:64,7
DA:65,8
DA:67,8
DA:68,8
DA:69,7
DA:70,8
DA:71,7
DA:77,8
DA:78,11
DA:79,0
DA:81,9
DA:82,20
DA:83,19
DA:84,19
DA:85,19
DA:86,19
DA:87,19
DA:102,11
DA:104,13
DA:105,11
DA:106,13
DA:107,11
DA:108,24
DA:112,7
DA:114,7
DA:115,7
DA:116,7
DA:117,7
DA:119,7
DA:123,7
DA:124,8
DA:127,7
DA:128,7
DA:131,7
DA:133,14
DA:134,7
DA:135,7
DA:139,7
DA:141,14
DA:142,7
DA:143,7
DA:151,6
DA:152,7
DA:153,6
DA:154,9
DA:155,6
DA:156,6
DA:157,6
DA:158,6
DA:159,6
DA:160,6
DA:161,6
DA:162,6
DA:163,6
DA:164,6
DA:165,6
DA:166,6
DA:168,6
DA:169,6
DA:170,6
DA:171,6
DA:172,6
DA:173,6
DA:179,11
DA:180,27
DA:181,22
DA:182,24
DA:183,24
DA:184,24
DA:185,24
LF:100
LH:99
end_of_record
TN:
SF:/home/runner/work/vigilant-parakeet/vigilant-parakeet/node_lib/src/messages/control/mod.rs
FN:15,<impl TryFrom for Control<'a>>::try_from
FN:29,<impl From for Vec<Vec<u8>>>::from
FNF:2
FNDA:8,<impl TryFrom for Control<'a>>::try_from
FNDA:8,<impl From for Vec<Vec<u8>>>::from
DA:15,8
DA:16,7
DA:17,1
DA:20,15
DA:21,8
DA:22,6
DA:23,0
DA:29,8
DA:30,10
DA:31,12
DA:32,10
DA:33,12
DA:34,9
DA:35,9
DA:37,13
DA:38,11
DA:39,13
DA:40,13
DA:41,11
LF:19
LH:18
end_of_record
TN:
SF:/home/runner/work/vigilant-parakeet/vigilant-parakeet/node_lib/src/messages/data/mod.rs
FN:25,ToUpstream<'a>::new
FN:32,ToUpstream<'a>::data
FN:36,ToUpstream<'a>::source
FN:42,ToDownstream<'a>::new
FN:50,ToDownstream<'a>::data
FN:54,ToDownstream<'a>::source
FN:57,ToDownstream<'a>::destination
FN:65,<impl TryFrom for ToUpstream<'a>>::try_from
FN:84,<impl TryFrom for ToDownstream<'a>>::try_from
FN:114,<impl TryFrom for Data<'a>>::try_from
FN:128,<impl From for Vec<Vec<u8>>>::from
FNF:11
FNDA:5,ToUpstream<'a>::new
FNDA:4,ToUpstream<'a>::data
FNDA:4,ToUpstream<'a>::source
FNDA:5,ToDownstream<'a>::new
FNDA:3,ToDownstream<'a>::data
FNDA:1,ToDownstream<'a>::source
FNDA:3,ToDownstream<'a>::destination
FNDA:5,<impl TryFrom for ToUpstream<'a>>::try_from
FNDA:3,<impl TryFrom for ToDownstream<'a>>::try_from
FNDA:5,<impl TryFrom for Data<'a>>::try_from
FNDA:6,<impl From for Vec<Vec<u8>>>::from
DA:25,5
DA:27,5
DA:28,5
DA:32,4
DA:33,4
DA:36,4
DA:37,0
DA:42,5
DA:44,5
DA:45,10
DA:46,5
DA:50,3
DA:51,3
DA:54,1
DA:55,0
DA:57,3
DA:58,3
DA:65,5
DA:66,10
DA:67,0
DA:69,5
DA:70,5
DA:71,5
DA:76,6
DA:77,6
DA:84,3
DA:85,9
DA:86,0
DA:87,0
DA:88,0
DA:90,3
DA:91,3
DA:92,3
DA:93,3
DA:94,0
DA:95,0
DA:96,0
DA:102,4
DA:103,8
DA:104,8
DA:105,8
DA:106,8
DA:114,5
DA:115,5
DA:116,0
DA:119,10
DA:120,5
DA:121,3
DA:122,1
DA:128,6
DA:129,6
DA:130,6
DA:131,6
DA:132,6
DA:133,6
DA:134,6
DA:136,4
DA:137,4
DA:138,4
DA:139,4
DA:140,4
LF:61
LH:51
end_of_record
TN:
SF:/home/runner/work/vigilant-parakeet/vigilant-parakeet/node_lib/src/messages/message.rs
FN:14,Message<'a>::new
FN:22,Message<'a>::from
FN:26,Message<'a>::to
FN:30,Message<'a>::get_mac_address
FN:39,Message<'a>::get_packet_type
FN:47,<impl TryFrom for Message<'a>>::try_from
FN:73,<impl From for Vec<Vec<u8>>>::from
FNF:7
FNDA:10,Message<'a>::new
FNDA:9,Message<'a>::from
FNDA:3,Message<'a>::to
FNDA:8,Message<'a>::get_mac_address
FNDA:9,Message<'a>::get_packet_type
FNDA:8,<impl TryFrom for Message<'a>>::try_from
FNDA:10,<impl From for Vec<Vec<u8>>>::from
DA:14,10
DA:16,20
DA:17,20
DA:22,9
DA:23,9
DA:26,3
DA:27,3
DA:30,8
DA:31,11
DA:32,0
DA:35,9
DA:36,11
DA:39,9
DA:40,10
DA:47,8
DA:48,7
DA:49,1
DA:52,15
DA:53,0
DA:56,15
DA:57,0
DA:60,15
DA:61,0
DA:64,8
DA:65,8
DA:66,7
DA:67,15
DA:73,10
DA:74,19
DA:75,20
DA:76,20
DA:77,18
DA:79,8
DA:80,8
DA:81,9
LF:35
LH:31
end_of_record
TN:
SF:/home/runner/work/vigilant-parakeet/vigilant-parakeet/node_lib/src/messages/packet_type.rs
FN:13,<impl TryFrom for PacketType<'a>>::try_from
FN:27,<impl From for Vec<Vec<u8>>>::from
FNF:2
FNDA:7,<impl TryFrom for PacketType<'a>>::try_from
FNDA:9,<impl From for Vec<Vec<u8>>>::from
DA:13,7
DA:14,8
DA:15,1
DA:18,15
DA:19,8
DA:20,5
DA:21,1
DA:27,9
DA:28,8
DA:29,11
DA:30,8
DA:31,11
DA:32,10
DA:33,9
DA:35,6
DA:36,6
DA:37,6
DA:38,6
DA:39,6
LF:19
LH:19
end_of_record
TN:
SF:/home/runner/work/vigilant-parakeet/vigilant-parakeet/node_lib/src/metrics.rs
FN:12,with_stats::inc_loop_detected
FN:16,with_stats::inc_cache_select
FN:20,with_stats::loop_detected_count
FN:24,with_stats::cache_select_count
FN:28,with_stats::inc_cache_clear
FN:32,with_stats::cache_clear_count
FNF:6
FNDA:4,with_stats::inc_loop_detected
FNDA:11,with_stats::inc_cache_select
FNDA:0,with_stats::loop_detected_count
FNDA:1,with_stats::cache_select_count
FNDA:1,with_stats::inc_cache_clear
FNDA:1,with_stats::cache_clear_count
DA:12,4
DA:13,4
DA:16,11
DA:17,12
DA:20,0
DA:21,0
DA:24,1
DA:25,1
DA:28,1
DA:29,1
DA:32,1
DA:33,1
LF:12
LH:10
end_of_record
TN:
SF:/home/runner/work/vigilant-parakeet/vigilant-parakeet/node_lib/src/test_helpers/hub.rs
FN:24,<impl HubCheck for UpstreamMatchCheck>::on_packet
FN:53,<impl HubCheck for DownstreamFromIdxCheck>::on_packet
FN:78,Hub::new_with_mocked_time
FN:87,Hub::add_check
FN:93,Hub::with_checks
FN:98,Hub::spawn
FN:175,UpstreamExpectation::new
FN:196,<impl HubCheck for UpstreamExpectation>::on_packet
FN:230,DownstreamFromIdxExpectation::new
FN:243,<impl HubCheck for DownstreamFromIdxExpectation>::on_packet
FNF:10
FNDA:1,<impl HubCheck for UpstreamMatchCheck>::on_packet
FNDA:0,<impl HubCheck for DownstreamFromIdxCheck>::on_packet
FNDA:8,Hub::new_with_mocked_time
FNDA:0,Hub::add_check
FNDA:8,Hub::with_checks
FNDA:8,Hub::spawn
FNDA:1,UpstreamExpectation::new
FNDA:1,<impl HubCheck for UpstreamExpectation>::on_packet
FNDA:1,DownstreamFromIdxExpectation::new
FNDA:1,<impl HubCheck for DownstreamFromIdxExpectation>::on_packet
DA:24,1
DA:25,1
DA:28,2
DA:29,1
DA:30,0
DA:33,0
DA:34,0
DA:35,0
DA:39,0
DA:53,0
DA:54,0
DA:57,0
DA:58,0
DA:62,0
DA:78,8
DA:82,8
DA:87,0
DA:88,0
DA:89,0
DA:93,8
DA:94,16
DA:95,8
DA:98,8
DA:99,22
DA:100,7
DA:101,7
DA:102,7
DA:103,7
DA:104,14
DA:105,7
DA:107,7
DA:108,14
DA:109,7
DA:110,7
DA:114,7
DA:115,7
DA:116,6
DA:118,7
DA:119,11
DA:122,5
DA:125,0
DA:129,16
DA:130,6
DA:133,5
DA:134,6
DA:135,11
DA:137,11
DA:144,22
DA:145,11
DA:146,11
DA:148,11
DA:150,11
DA:158,25
DA:175,1
DA:181,2
DA:183,1
DA:187,1
DA:188,1
DA:190,1
DA:196,1
DA:197,1
DA:200,2
DA:201,3
DA:202,1
DA:205,2
DA:206,1
DA:207,2
DA:212,3
DA:213,2
DA:214,2
DA:230,1
DA:231,1
DA:233,1
DA:235,1
DA:237,1
DA:243,1
DA:244,1
DA:247,2
DA:248,3
DA:253,2
DA:254,2
DA:255,2
LF:82
LH:68
end_of_record
TN:
SF:/home/runner/work/vigilant-parakeet/vigilant-parakeet/node_lib/src/test_helpers/util.rs
FN:10,mk_node_params
FN:21,mk_device_from_fd
FN:29,mk_args
FN:40,poll_until
FN:56,poll_until_mocked
FN:74,poll_tun_recv_with_timeout
FN:92,poll_tun_recv_with_timeout_mocked
FN:114,poll_tun_recv_expected
FN:132,poll_tun_recv_expected_mocked
FN:153,repeat_async_send
FN:166,repeat_async_send_mocked
FN:178,mk_shim_pair
FN:185,mk_shim_pairs
FN:196,mk_shim_tuns
FN:204,mk_socketpairs
FN:229,mk_hub_with_checks_mocked_time
FN:247,shutdown_read
FN:256,mk_pipe_nonblocking
FN:273,read_fd
FN:283,close_fd
FN:295,await_with_timeout
FN:316,await_condition_with_time_advance
FN:341,advance_until
FNF:23
FNDA:9,mk_node_params
FNDA:10,mk_device_from_fd
FNDA:5,mk_args
FNDA:10,poll_until
FNDA:2,poll_until_mocked
FNDA:0,poll_tun_recv_with_timeout
FNDA:1,poll_tun_recv_with_timeout_mocked
FNDA:0,poll_tun_recv_expected
FNDA:1,poll_tun_recv_expected_mocked
FNDA:2,repeat_async_send
FNDA:2,repeat_async_send_mocked
FNDA:3,mk_shim_pair
FNDA:9,mk_shim_pairs
FNDA:0,mk_shim_tuns
FNDA:10,mk_socketpairs
FNDA:7,mk_hub_with_checks_mocked_time
FNDA:1,shutdown_read
FNDA:2,mk_pipe_nonblocking
FNDA:2,read_fd
FNDA:2,close_fd
FNDA:16,await_with_timeout
FNDA:13,await_condition_with_time_advance
FNDA:4,advance_until
DA:10,9
DA:21,10
DA:24,10
DA:29,5
DA:31,5
DA:35,5
DA:40,10
DA:44,20
DA:45,10
DA:46,4
DA:48,6
DA:50,1
DA:56,2
DA:60,4
DA:61,2
DA:62,1
DA:65,1
DA:66,3
DA:68,0
DA:74,0
DA:80,0
DA:81,0
DA:82,0
DA:87,0
DA:92,1
DA:98,4
DA:100,4
DA:101,1
DA:104,0
DA:105,0
DA:109,0
DA:114,0
DA:120,0
DA:121,0
DA:122,0
DA:123,0
DA:124,0
DA:128,0
DA:132,1
DA:138,1
DA:139,4
DA:140,4
DA:143,1
DA:144,1
DA:148,0
DA:153,2
DA:158,4
DA:159,3
DA:160,3
DA:166,2
DA:171,4
DA:172,3
DA:173,3
DA:178,3
DA:179,3
DA:180,6
DA:185,9
DA:186,9
DA:187,27
DA:188,17
DA:189,16
DA:191,8
DA:196,0
DA:197,0
DA:204,10
DA:205,10
DA:206,10
DA:207,20
DA:208,10
DA:210,21
DA:211,10
DA:212,0
DA:214,20
DA:215,0
DA:217,20
DA:218,0
DA:221,20
DA:222,10
DA:224,10
DA:229,7
DA:234,10
DA:236,8
DA:247,1
DA:251,1
DA:256,2
DA:257,2
DA:259,2
DA:260,0
DA:262,2
DA:264,0
DA:265,0
DA:266,0
DA:269,2
DA:273,2
DA:274,2
DA:275,4
DA:276,0
DA:278,2
DA:283,2
DA:284,2
DA:285,4
DA:286,0
DA:288,2
DA:295,16
DA:299,38
DA:300,0
DA:301,0
DA:316,13
DA:325,39
DA:326,13
DA:327,52
DA:328,13
DA:329,0
DA:333,0
DA:335,52
DA:341,4
DA:346,0
DA:347,4
DA:348,4
DA:349,2
DA:351,2
DA:354,0
DA:356,8
LF:123
LH:89
end_of_record
TN:
SF:/home/runner/work/vigilant-parakeet/vigilant-parakeet/node_lib/tests/integration_broadcast_encryption.rs
FN:25,<impl HubCheck for BroadcastTrafficChecker>::on_packet
FNF:1
FNDA:1,<impl HubCheck for BroadcastTrafficChecker>::on_packet
DA:25,1
DA:27,1
DA:29,1
DA:30,1
DA:31,3
DA:35,1
DA:36,2
DA:39,0
LF:8
LH:7
end_of_record
TN:
SF:/home/runner/work/vigilant-parakeet/vigilant-parakeet/node_lib/tests/integration_encryption.rs
FN:23,<impl HubCheck for PayloadChecker>::on_packet
FNF:1
FNDA:1,<impl HubCheck for PayloadChecker>::on_packet
DA:23,1
DA:25,2
DA:29,2
DA:33,2
DA:38,1
DA:39,2
DA:40,0
DA:43,2
DA:44,1
DA:45,3
DA:47,1
LF:11
LH:10
end_of_record
TN:
SF:/home/runner/work/vigilant-parakeet/vigilant-parakeet/simulator/src/simulator.rs
FNF:0
DA:183,0
DA:184,0
DA:187,0
DA:190,0
DA:191,0
DA:192,0
DA:194,0
DA:198,0
DA:199,0
DA:201,0
DA:202,0
DA:204,0
DA:205,0
DA:206,0
DA:207,0
DA:208,0
DA:209,0
DA:211,0
DA:216,0
DA:217,0
DA:218,0
DA:219,0
DA:220,0
DA:221,0
DA:222,0
DA:226,0
DA:229,0
DA:230,0
DA:231,0
DA:232,0
DA:233,0
DA:236,0
DA:237,0
DA:238,0
DA:239,0
DA:240,0
DA:241,0
DA:242,0
DA:243,0
DA:246,0
DA:248,0
DA:249,0
DA:261,0
DA:262,0
DA:263,0
DA:264,0
DA:267,0
DA:268,0
DA:270,0
DA:271,0
DA:278,0
DA:279,0
DA:280,0
DA:281,0
DA:282,0
LF:55
LH:0
end_of_record
